12:40:19 FOLLOWED   luciano.galli51
12:40:21 FOLLOWED   riziero1995
12:40:24 FOLLOWED   mararam50
12:40:26 FOLLOWED   ch.go.13
12:40:30 FOLLOWED   luciano.galli51
12:45:51 FOLLOWED   gibbythesmart
12:45:58 FOLLOWED   p_nath_
12:46:00 FOLLOWED   ray.shizzle
12:46:06 FOLLOWED   gibbythesmart
12:46:13 FOLLOWED   p_nath_
13:01:18 FOLLOWED   photography.by.krys
13:01:20 FOLLOWED   andresnicobetaortega
13:01:36 FOLLOWED   anbarasan_karthik
13:01:38 FOLLOWED   limz.photography
13:01:49 FOLLOWED   illia_romaniv
13:05:34 FOLLOWED   vou_demorar
13:05:37 FOLLOWED   aspenes_images
13:05:38 FOLLOWED   swan_0785
13:05:39 FOLLOWED   laskari_vaso
13:05:45 FOLLOWED   gartur__
13:08:53 FOLLOWED   szalokidavid98
13:08:55 FOLLOWED   tourist.life_1
13:08:56 FOLLOWED   agata_ceresanii
13:08:57 FOLLOWED   osipova2222
13:09:04 FOLLOWED   shan_indian__
13:37:52 UNFOLLOWED illia_romaniv
13:43:59 UNFOLLOWED stephanie_aremat
13:44:08 UNFOLLOWED f_l_bock
13:44:17 UNFOLLOWED boetiekhotel
13:51:00 UNFOLLOWED videoshoot.experience
13:55:43 UNFOLLOWED wilcabdel
13:55:49 UNFOLLOWED yourhappyguide1
13:55:57 UNFOLLOWED alefadago
13:56:05 UNFOLLOWED saamphiinngekhael
14:00:17 UNFOLLOWED edisondyas
14:00:23 UNFOLLOWED andresnicobetaortega
14:01:20 UNFOLLOWED cantoserecantos
14:01:40 UNFOLLOWED valisaros
14:01:43 UNFOLLOWED meiqi_m
14:06:20 UNFOLLOWED natasharachel1
14:08:46 UNFOLLOWED anbarasan_karthik
14:08:56 UNFOLLOWED abdo_ghaneema
14:09:06 UNFOLLOWED alf.pa
14:14:33 UNFOLLOWED stelegraphs
14:14:46 UNFOLLOWED travelling.turtle_
14:14:54 UNFOLLOWED arianna_ellina
14:15:04 UNFOLLOWED iconic_valley
14:15:12 UNFOLLOWED adnanpatel607
